Determining if the pthread_create exist failed with the following output:
Change Dir: /home/gummi/GummiArm/orchestration/packages/build/CMakeFiles/CMakeTmp

Run Build Command:/usr/bin/make "cmTryCompileExec2765400476/fast"
/usr/bin/make -f CMakeFiles/cmTryCompileExec2765400476.dir/build.make CMakeFiles/cmTryCompileExec2765400476.dir/build
make[1]: Entering directory `/home/gummi/GummiArm/orchestration/packages/build/CMakeFiles/CMakeTmp'
/usr/bin/cmake -E cmake_progress_report /home/gummi/GummiArm/orchestration/packages/build/CMakeFiles/CMakeTmp/CMakeFiles 1
Building C object CMakeFiles/cmTryCompileExec2765400476.dir/CheckSymbolExists.c.o
/usr/bin/cc    -o CMakeFiles/cmTryCompileExec2765400476.dir/CheckSymbolExists.c.o   -c /home/gummi/GummiArm/orchestration/packages/build/CMakeFiles/CMakeTmp/CheckSymbolExists.c
Linking C executable cmTryCompileExec2765400476
/usr/bin/cmake -E cmake_link_script CMakeFiles/cmTryCompileExec2765400476.dir/link.txt --verbose=1
/usr/bin/cc       CMakeFiles/cmTryCompileExec2765400476.dir/CheckSymbolExists.c.o  -o cmTryCompileExec2765400476 -rdynamic 
CMakeFiles/cmTryCompileExec2765400476.dir/CheckSymbolExists.c.o: In function `main':
CheckSymbolExists.c:(.text+0x16): undefined reference to `pthread_create'
collect2: error: ld returned 1 exit status
make[1]: Leaving directory `/home/gummi/GummiArm/orchestration/packages/build/CMakeFiles/CMakeTmp'
make[1]: *** [cmTryCompileExec2765400476] Error 1
make: *** [cmTryCompileExec2765400476/fast] Error 2

File /home/gummi/GummiArm/orchestration/packages/build/CMakeFiles/CMakeTmp/CheckSymbolExists.c:
/* */
#include <pthread.h>

int main(int argc, char** argv)
{
  (void)argv;
#ifndef pthread_create
  return ((int*)(&pthread_create))[argc];
#else
  (void)argc;
  return 0;
#endif
}

Determining if the function pthread_create exists in the pthreads failed with the following output:
Change Dir: /home/gummi/GummiArm/orchestration/packages/build/CMakeFiles/CMakeTmp

Run Build Command:/usr/bin/make "cmTryCompileExec3368765409/fast"
/usr/bin/make -f CMakeFiles/cmTryCompileExec3368765409.dir/build.make CMakeFiles/cmTryCompileExec3368765409.dir/build
make[1]: Entering directory `/home/gummi/GummiArm/orchestration/packages/build/CMakeFiles/CMakeTmp'
/usr/bin/cmake -E cmake_progress_report /home/gummi/GummiArm/orchestration/packages/build/CMakeFiles/CMakeTmp/CMakeFiles 1
Building C object CMakeFiles/cmTryCompileExec3368765409.dir/CheckFunctionExists.c.o
/usr/bin/cc   -DCHECK_FUNCTION_EXISTS=pthread_create   -o CMakeFiles/cmTryCompileExec3368765409.dir/CheckFunctionExists.c.o   -c /usr/share/cmake-2.8/Modules/CheckFunctionExists.c
Linking C executable cmTryCompileExec3368765409
/usr/bin/cmake -E cmake_link_script CMakeFiles/cmTryCompileExec3368765409.dir/link.txt --verbose=1
/usr/bin/cc   -DCHECK_FUNCTION_EXISTS=pthread_create    CMakeFiles/cmTryCompileExec3368765409.dir/CheckFunctionExists.c.o  -o cmTryCompileExec3368765409 -rdynamic -lpthreads 
/usr/bin/ld: cannot find -lpthreads
collect2: error: ld returned 1 exit status
make[1]: *** [cmTryCompileExec3368765409] Error 1
make[1]: Leaving directory `/home/gummi/GummiArm/orchestration/packages/build/CMakeFiles/CMakeTmp'
make: *** [cmTryCompileExec3368765409/fast] Error 2


